<?xml version="1.0" encoding="UTF-8"?>
<!-- Generated by org.testng.reporters.JUnitXMLReporter -->
<testsuite ignored="0" hostname="DESKTOP-COJR3AP" failures="0" tests="3" name="Default test" time="6.177" errors="0" timestamp="2025-04-06T14:59:44 IST">
  <testcase classname="day1.HttpsMethos" name="getUser" time="3.918"/>
  <testcase classname="day1.HttpsMethos" name="createUser" time="1.354"/>
  <testcase classname="day1.HttpsMethos" name="updateUser" time="0.782"/>
</testsuite> <!-- Default test -->
