<?xml version="1.0" encoding="UTF-8"?>
<!-- Generated by org.testng.reporters.JUnitXMLReporter -->
<testsuite ignored="0" hostname="DESKTOP-COJR3AP" failures="0" tests="3" name="Default test" time="3.798" errors="0" timestamp="2025-04-07T16:46:42 IST">
  <testcase classname="reqBody_2.createReqJsonFile" name="getUser" time="2.443"/>
  <testcase classname="reqBody_2.createReqJsonFile" name="createUser" time="1.183"/>
  <testcase classname="reqBody_2.createReqJsonFile" name="deleteUser" time="0.05"/>
</testsuite> <!-- Default test -->
