<?xml version="1.0" encoding="UTF-8"?>
<testng-results ignored="0" total="1" passed="1" failed="0" skipped="0">
  <reporter-output>
  </reporter-output>
  <suite started-at="2025-04-10T21:38:56 PDT" name="Default suite" finished-at="2025-04-10T21:39:00 PDT" duration-ms="4079">
    <groups>
    </groups>
    <test started-at="2025-04-10T21:38:56 PDT" name="Default test" finished-at="2025-04-10T21:39:00 PDT" duration-ms="4079">
      <class name="jsonSchemaValidator_6.jsonSchemaValidate">
        <test-method signature="testJsonSchema()[pri:0, instance:jsonSchemaValidator_6.jsonSchemaValidate@4d5d943d]" started-at="2025-04-10T21:38:56 PDT" name="testJsonSchema" finished-at="2025-04-10T21:39:00 PDT" duration-ms="4015" status="PASS">
          <reporter-output>
          </reporter-output>
        </test-method> <!-- testJsonSchema -->
      </class> <!-- jsonSchemaValidator_6.jsonSchemaValidate -->
    </test> <!-- Default test -->
  </suite> <!-- Default suite -->
</testng-results>
