<?xml version="1.0" encoding="UTF-8"?>
<testng-results ignored="0" total="1" passed="1" failed="0" skipped="0">
  <reporter-output>
  </reporter-output>
  <suite started-at="2025-04-08T11:20:13 PDT" name="Default suite" finished-at="2025-04-08T11:20:16 PDT" duration-ms="3310">
    <groups>
    </groups>
    <test started-at="2025-04-08T11:20:13 PDT" name="Default test" finished-at="2025-04-08T11:20:16 PDT" duration-ms="3310">
      <class name="resValidation_4.JsonRespoanseVal">
        <test-method signature="jsonResVal()[pri:0, instance:resValidation_4.JsonRespoanseVal@5c6648b0]" started-at="2025-04-08T11:20:13 PDT" name="jsonResVal" finished-at="2025-04-08T11:20:16 PDT" duration-ms="3251" status="PASS">
          <reporter-output>
          </reporter-output>
        </test-method> <!-- jsonResVal -->
      </class> <!-- resValidation_4.JsonRespoanseVal -->
    </test> <!-- Default test -->
  </suite> <!-- Default suite -->
</testng-results>
